[    0.000000] Linux version 4.15.0-60-generic (buildd@lgw01-amd64-030) (gcc version 7.4.0 (Ubuntu 7.4.0-1ubuntu1~18.04.1)) #67-Ubuntu SMP Thu Aug 22 16:55:30 UTC 2019 (Ubuntu 4.15.0-60.67-generic 4.15.18)
[    0.000000] Command line: BOOT_IMAGE=/boot/vmlinuz-4.15.0-60-generic root=UUID=35d31406-c66e-4cc2-8630-2cfbecbddebc ro console=tty1 console=ttyS0
[    0.000000] KERNEL supported cpus:
[    0.000000]   Intel GenuineIntel
[    0.000000]   AMD AuthenticAMD
[    0.000000]   Centaur CentaurHauls
[    0.000000] [Firmware Bug]: TSC doesn't count with P0 frequency!
[    0.000000] x86/fpu: Supporting XSAVE feature 0x001: 'x87 floating point registers'
[    0.000000] x86/fpu: Supporting XSAVE feature 0x002: 'SSE registers'
[    0.000000] x86/fpu: Supporting XSAVE feature 0x004: 'AVX registers'
[    0.000000] x86/fpu: xstate_offset[2]:  576, xstate_sizes[2]:  256
[    0.000000] x86/fpu: Enabled xstate features 0x7, context size is 832 bytes, using 'standard' format.
[    0.000000] e820: BIOS-provided physical RAM map:
[    0.000000] BIOS-e820: [mem 0x0000000000000000-0x000000000009fbff] usable
[    0.000000] BIOS-e820: [mem 0x000000000009fc00-0x000000000009ffff] reserved
[    0.000000] BIOS-e820: [mem 0x00000000000f0000-0x00000000000fffff] reserved
[    0.000000] BIOS-e820: [mem 0x0000000000100000-0x000000003ffeffff] usable
[    0.000000] BIOS-e820: [mem 0x000000003fff0000-0x000000003fffffff] ACPI data
[    0.000000] BIOS-e820: [mem 0x00000000fec00000-0x00000000fec00fff] reserved
[    0.000000] BIOS-e820: [mem 0x00000000fee00000-0x00000000fee00fff] reserved
[    0.000000] BIOS-e820: [mem 0x00000000fffc0000-0x00000000ffffffff] reserved
[    0.000000] NX (Execute Disable) protection: active
[    0.000000] SMBIOS 2.5 present.
[    0.000000] DMI: innotek GmbH VirtualBox/VirtualBox, BIOS VirtualBox 12/01/2006
[    0.000000] Hypervisor detected: KVM
[    0.000000] e820: last_pfn = 0x3fff0 max_arch_pfn = 0x400000000
[    0.000000] MTRR: Disabled
[    0.000000] x86/PAT: MTRRs disabled, skipping PAT initialization too.
[    0.000000] CPU MTRRs all blank - virtualized system.
[    0.000000] x86/PAT: Configuration [0-7]: WB  WT  UC- UC  WB  WT  UC- UC  
[    0.000000] found SMP MP-table at [mem 0x0009fff0-0x0009ffff]
[    0.000000] Scanning 1 areas for low memory corruption
[    0.000000] RAMDISK: [mem 0x35981000-0x36cb7fff]
[    0.000000] ACPI: Early table checksum verification disabled
[    0.000000] ACPI: RSDP 0x00000000000E0000 000024 (v02 VBOX  )
[    0.000000] ACPI: XSDT 0x000000003FFF0030 00003C (v01 VBOX   VBOXXSDT 00000001 ASL  00000061)
[    0.000000] ACPI: FACP 0x000000003FFF00F0 0000F4 (v04 VBOX   VBOXFACP 00000001 ASL  00000061)
[    0.000000] ACPI: DSDT 0x000000003FFF0470 0022EA (v02 VBOX   VBOXBIOS 00000002 INTL 20100528)
[    0.000000] ACPI: FACS 0x000000003FFF0200 000040
[    0.000000] ACPI: FACS 0x000000003FFF0200 000040
[    0.000000] ACPI: APIC 0x000000003FFF0240 00005C (v02 VBOX   VBOXAPIC 00000001 ASL  00000061)
[    0.000000] ACPI: SSDT 0x000000003FFF02A0 0001CC (v01 VBOX   VBOXCPUT 00000002 INTL 20100528)
[    0.000000] No NUMA configuration found
[    0.000000] Faking a node at [mem 0x0000000000000000-0x000000003ffeffff]
[    0.000000] NODE_DATA(0) allocated [mem 0x3ffc5000-0x3ffeffff]
[    0.000000] kvm-clock: cpu 0, msr 0:3ff44001, primary cpu clock
[    0.000000] kvm-clock: Using msrs 4b564d01 and 4b564d00
[    0.000000] kvm-clock: using sched offset of 9622765299 cycles
[    0.000000] clocksource: kvm-clock: mask: 0xffffffffffffffff max_cycles: 0x1cd42e4dffb, max_idle_ns: 881590591483 ns
[    0.000000] Zone ranges:
[    0.000000]   DMA      [mem 0x0000000000001000-0x0000000000ffffff]
[    0.000000]   DMA32    [mem 0x0000000001000000-0x000000003ffeffff]
[    0.000000]   Normal   empty
[    0.000000]   Device   empty
[    0.000000] Movable zone start for each node
[    0.000000] Early memory node ranges
[    0.000000]   node   0: [mem 0x0000000000001000-0x000000000009efff]
[    0.000000]   node   0: [mem 0x0000000000100000-0x000000003ffeffff]
[    0.000000] Reserved but unavailable: 98 pages
[    0.000000] Initmem setup node 0 [mem 0x0000000000001000-0x000000003ffeffff]
[    0.000000] ACPI: PM-Timer IO Port: 0x4008
[    0.000000] IOAPIC[0]: apic_id 2, version 32, address 0xfec00000, GSI 0-23
[    0.000000] ACPI: INT_SRC_OVR (bus 0 bus_irq 0 global_irq 2 dfl dfl)
[    0.000000] ACPI: INT_SRC_OVR (bus 0 bus_irq 9 global_irq 9 low level)
[    0.000000] Using ACPI (MADT) for SMP configuration information
[    0.000000] smpboot: Allowing 2 CPUs, 0 hotplug CPUs
[    0.000000] PM: Registered nosave memory: [mem 0x00000000-0x00000fff]
[    0.000000] PM: Registered nosave memory: [mem 0x0009f000-0x0009ffff]
[    0.000000] PM: Registered nosave memory: [mem 0x000a0000-0x000effff]
[    0.000000] PM: Registered nosave memory: [mem 0x000f0000-0x000fffff]
[    0.000000] e820: [mem 0x40000000-0xfebfffff] available for PCI devices
[    0.000000] Booting paravirtualized kernel on KVM
[    0.000000] clocksource: refined-jiffies: mask: 0xffffffff max_cycles: 0xffffffff, max_idle_ns: 7645519600211568 ns
[    0.000000] random: get_random_bytes called from start_kernel+0x99/0x4fd with crng_init=0
[    0.000000] setup_percpu: NR_CPUS:8192 nr_cpumask_bits:2 nr_cpu_ids:2 nr_node_ids:1
[    0.000000] percpu: Embedded 46 pages/cpu s151552 r8192 d28672 u1048576
[    0.000000] PV qspinlock hash table entries: 256 (order: 0, 4096 bytes)
[    0.000000] Built 1 zonelists, mobility grouping on.  Total pages: 257913
[    0.000000] Policy zone: DMA32
[    0.000000] Kernel command line: BOOT_IMAGE=/boot/vmlinuz-4.15.0-60-generic root=UUID=35d31406-c66e-4cc2-8630-2cfbecbddebc ro console=tty1 console=ttyS0
[    0.000000] Memory: 982908K/1048120K available (12300K kernel code, 2481K rwdata, 4172K rodata, 2436K init, 2384K bss, 65212K reserved, 0K cma-reserved)
[    0.000000] SLUB: HWalign=64, Order=0-3, MinObjects=0, CPUs=2, Nodes=1
[    0.000000] ftrace: allocating 39306 entries in 154 pages
[    0.004000] Hierarchical RCU implementation.
[    0.004000] 	RCU restricting CPUs from NR_CPUS=8192 to nr_cpu_ids=2.
[    0.004000] 	Tasks RCU enabled.
[    0.004000] RCU: Adjusting geometry for rcu_fanout_leaf=16, nr_cpu_ids=2
[    0.004000] NR_IRQS: 524544, nr_irqs: 440, preallocated irqs: 16
[    0.004000] Console: colour VGA+ 80x25
[    0.004000] console [tty1] enabled
[    0.004000] console [ttyS0] enabled
[    0.004000] ACPI: Core revision 20170831
[    0.004000] ACPI: 2 ACPI AML tables successfully acquired and loaded
[    0.004000] APIC: Switch to symmetric I/O mode setup
[    0.004000] x2apic enabled
[    0.004000] Switched APIC routing to physical x2apic.
[    0.004000] ..TIMER: vector=0x30 apic1=0 pin1=2 apic2=-1 pin2=-1
[    0.004000] tsc: Detected 2994.378 MHz processor
[    0.004000] Calibrating delay loop (skipped) preset value.. 5988.75 BogoMIPS (lpj=11977512)
[    0.004000] pid_max: default: 32768 minimum: 301
[    0.004000] Security Framework initialized
[    0.004000] Yama: becoming mindful.
[    0.004000] AppArmor: AppArmor initialized
[    0.004000] Dentry cache hash table entries: 131072 (order: 8, 1048576 bytes)
[    0.004000] Inode-cache hash table entries: 65536 (order: 7, 524288 bytes)
[    0.004000] Mount-cache hash table entries: 2048 (order: 2, 16384 bytes)
[    0.004000] Mountpoint-cache hash table entries: 2048 (order: 2, 16384 bytes)
[    0.004000] Last level iTLB entries: 4KB 512, 2MB 1024, 4MB 512
[    0.004000] Last level dTLB entries: 4KB 1024, 2MB 1024, 4MB 512, 1GB 0
[    0.004000] Spectre V1 : Mitigation: usercopy/swapgs barriers and __user pointer sanitization
[    0.004000] Spectre V2 : Spectre mitigation: LFENCE not serializing, switching to generic retpoline
[    0.004000] Spectre V2 : Mitigation: Full generic retpoline
[    0.004000] Spectre V2 : Spectre v2 / SpectreRSB mitigation: Filling RSB on context switch
[    0.004009] Speculative Store Bypass: Mitigation: Speculative Store Bypass disabled via prctl and seccomp
[    0.008304] Freeing SMP alternatives memory: 36K
[    0.020000] APIC calibration not consistent with PM-Timer: 104ms instead of 100ms
[    0.020000] APIC delta adjusted to PM-Timer: 6483135 (6778102)
[    0.020107] smpboot: CPU0: AMD A9-9420 RADEON R5, 5 COMPUTE CORES 2C+3G (family: 0x15, model: 0x70, stepping: 0x0)
[    0.023701] Performance Events: PMU not available due to virtualization, using software events only.
[    0.024106] Hierarchical SRCU implementation.
[    0.028633] NMI watchdog: Perf event create on CPU 0 failed with -2
[    0.030623] NMI watchdog: Perf NMI watchdog permanently disabled
[    0.032145] smp: Bringing up secondary CPUs ...
[    0.033842] x86: Booting SMP configuration:
[    0.036006] .... node  #0, CPUs:      #1
[    0.004000] kvm-clock: cpu 1, msr 0:3ff44041, secondary cpu clock
[    0.066242] smp: Brought up 1 node, 2 CPUs
[    0.068012] smpboot: Max logical packages: 1
[    0.069739] smpboot: Total of 2 processors activated (11977.51 BogoMIPS)
[    0.072163] devtmpfs: initialized
[    0.073434] x86/mm: Memory block size: 128MB
[    0.075306] evm: security.selinux
[    0.076000] evm: security.SMACK64
[    0.076021] evm: security.SMACK64EXEC
[    0.080015] evm: security.SMACK64TRANSMUTE
[    0.084014] evm: security.SMACK64MMAP
[    0.086612] evm: security.apparmor
[    0.088013] evm: security.ima
[    0.092014] evm: security.capability
[    0.096332] clocksource: jiffies: mask: 0xffffffff max_cycles: 0xffffffff, max_idle_ns: 7645041785100000 ns
[    0.096332] futex hash table entries: 512 (order: 3, 32768 bytes)
[    0.100230] pinctrl core: initialized pinctrl subsystem
[    0.102376] RTC time: 12:25:28, date: 10/13/19
[    0.104772] NET: Registered protocol family 16
[    0.106600] audit: initializing netlink subsys (disabled)
[    0.112083] audit: type=2000 audit(1570969539.184:1): state=initialized audit_enabled=0 res=1
[    0.116309] cpuidle: using governor ladder
[    0.120031] cpuidle: using governor menu
[    0.122156] ACPI: bus type PCI registered
[    0.124019] acpiphp: ACPI Hot Plug PCI Controller Driver version: 0.5
[    0.126437] PCI: Using configuration type 1 for base access
[    0.128000] PCI: Using configuration type 1 for extended access
[    0.130049] HugeTLB registered 2.00 MiB page size, pre-allocated 0 pages
[    0.132297] ACPI: Added _OSI(Module Device)
[    0.132297] ACPI: Added _OSI(Processor Device)
[    0.136009] ACPI: Added _OSI(3.0 _SCP Extensions)
[    0.136016] ACPI: Added _OSI(Processor Aggregator Device)
[    0.140037] ACPI: Added _OSI(Linux-Dell-Video)
[    0.144032] ACPI: Added _OSI(Linux-Lenovo-NV-HDMI-Audio)
[    0.144040] ACPI: Added _OSI(Linux-HPI-Hybrid-Graphics)
[    0.146594] ACPI: Executed 1 blocks of module-level executable AML code
[    0.156892] ACPI: Interpreter enabled
[    0.158468] ACPI: (supports S0 S5)
[    0.160017] ACPI: Using IOAPIC for interrupt routing
[    0.162384] PCI: Using host bridge windows from ACPI; if necessary, use "pci=nocrs" and report a bug
[    0.168432] ACPI: Enabled 2 GPEs in block 00 to 07
[    0.185428] ACPI: PCI Root Bridge [PCI0] (domain 0000 [bus 00-ff])
[    0.188038] acpi PNP0A03:00: _OSC: OS supports [ExtendedConfig ASPM ClockPM Segments MSI]
[    0.197603] acpi PNP0A03:00: _OSC: platform does not support [PCIeCapability]
[    0.200953] acpi PNP0A03:00: _OSC: not requesting control; platform does not support [PCIeCapability]
[    0.208021] acpi PNP0A03:00: _OSC: OS requested [PCIeHotplug PME AER PCIeCapability]
[    0.212016] acpi PNP0A03:00: _OSC: platform willing to grant [PCIeHotplug PME AER]
[    0.216019] acpi PNP0A03:00: _OSC failed (AE_SUPPORT); disabling ASPM
[    0.216810] PCI host bridge to bus 0000:00
[    0.220022] pci_bus 0000:00: root bus resource [io  0x0000-0x0cf7 window]
[    0.223260] pci_bus 0000:00: root bus resource [io  0x0d00-0xffff window]
[    0.228022] pci_bus 0000:00: root bus resource [mem 0x000a0000-0x000bffff window]
[    0.232019] pci_bus 0000:00: root bus resource [mem 0x40000000-0xfdffffff window]
[    0.236018] pci_bus 0000:00: root bus resource [bus 00-ff]
[    0.241827] pci 0000:00:01.1: legacy IDE quirk: reg 0x10: [io  0x01f0-0x01f7]
[    0.244008] pci 0000:00:01.1: legacy IDE quirk: reg 0x14: [io  0x03f6]
[    0.246228] pci 0000:00:01.1: legacy IDE quirk: reg 0x18: [io  0x0170-0x0177]
[    0.252004] pci 0000:00:01.1: legacy IDE quirk: reg 0x1c: [io  0x0376]
[    0.293344] pci 0000:00:07.0: quirk: [io  0x4000-0x403f] claimed by PIIX4 ACPI
[    0.296006] pci 0000:00:07.0: quirk: [io  0x4100-0x410f] claimed by PIIX4 SMB
[    0.310730] ACPI: PCI Interrupt Link [LNKA] (IRQs 5 9 10 *11)
[    0.312522] ACPI: PCI Interrupt Link [LNKB] (IRQs 5 9 *10 11)
[    0.316084] ACPI: PCI Interrupt Link [LNKC] (IRQs 5 *9 10 11)
[    0.318187] ACPI: PCI Interrupt Link [LNKD] (IRQs 5 9 10 *11)
[    0.320573] SCSI subsystem initialized
[    0.324079] pci 0000:00:02.0: vgaarb: setting as boot VGA device
[    0.326008] pci 0000:00:02.0: vgaarb: VGA device added: decodes=io+mem,owns=io+mem,locks=none
[    0.328009] pci 0000:00:02.0: vgaarb: bridge control possible
[    0.332003] vgaarb: loaded
[    0.332988] ACPI: bus type USB registered
[    0.332988] usbcore: registered new interface driver usbfs
[    0.333813] usbcore: registered new interface driver hub
[    0.336039] usbcore: registered new device driver usb
[    0.340031] EDAC MC: Ver: 3.0.0
[    0.344055] PCI: Using ACPI for IRQ routing
[    0.345946] NetLabel: Initializing
[    0.345946] NetLabel:  domain hash size = 128
[    0.345946] NetLabel:  protocols = UNLABELED CIPSOv4 CALIPSO
[    0.348037] NetLabel:  unlabeled traffic allowed by default
[    0.352116] clocksource: Switched to clocksource kvm-clock
[    0.408708] VFS: Disk quotas dquot_6.6.0
[    0.410175] VFS: Dquot-cache hash table entries: 512 (order 0, 4096 bytes)
[    0.412627] AppArmor: AppArmor Filesystem Enabled
[    0.414208] pnp: PnP ACPI init
[    0.417237] pnp: PnP ACPI: found 3 devices
[    0.429940] clocksource: acpi_pm: mask: 0xffffff max_cycles: 0xffffff, max_idle_ns: 2085701024 ns
[    0.433002] NET: Registered protocol family 2
[    0.445767] TCP established hash table entries: 8192 (order: 4, 65536 bytes)
[    0.448091] TCP bind hash table entries: 8192 (order: 5, 131072 bytes)
[    0.450164] TCP: Hash tables configured (established 8192 bind 8192)
[    0.452238] UDP hash table entries: 512 (order: 2, 16384 bytes)
[    0.454073] UDP-Lite hash table entries: 512 (order: 2, 16384 bytes)
[    0.456135] NET: Registered protocol family 1
[    0.457604] pci 0000:00:00.0: Limiting direct PCI/PCI transfers
[    0.459551] pci 0000:00:01.0: Activating ISA DMA hang workarounds
[    0.461544] pci 0000:00:02.0: Video device with shadowed ROM at [mem 0x000c0000-0x000dffff]
[    0.464348] Unpacking initramfs...
[    1.266316] Freeing initrd memory: 19676K
[    1.267955] clocksource: tsc: mask: 0xffffffffffffffff max_cycles: 0x2b2986a21ef, max_idle_ns: 440795289726 ns
[    1.272316] platform rtc_cmos: registered platform RTC device (no PNP device found)
[    1.274789] Scanning for low memory corruption every 60 seconds
[    1.277750] Initialise system trusted keyrings
[    1.279258] Key type blacklist registered
[    1.280780] workingset: timestamp_bits=36 max_order=18 bucket_order=0
[    1.285364] zbud: loaded
[    1.287738] squashfs: version 4.0 (2009/01/31) Phillip Lougher
[    1.291312] fuse init (API version 7.26)
[    1.300387] Key type asymmetric registered
[    1.301899] Asymmetric key parser 'x509' registered
[    1.303616] Block layer SCSI generic (bsg) driver version 0.4 loaded (major 246)
[    1.306314] io scheduler noop registered
[    1.307666] io scheduler deadline registered
[    1.309281] io scheduler cfq registered (default)
[    1.311389] ACPI: AC Adapter [AC] (off-line)
[    1.312999] input: Power Button as /devices/LNXSYSTM:00/LNXPWRBN:00/input/input0
[    1.315829] ACPI: Power Button [PWRF]
[    1.317499] input: Sleep Button as /devices/LNXSYSTM:00/LNXSLPBN:00/input/input1
[    1.320340] ACPI: Sleep Button [SLPF]
[    1.322434] Serial: 8250/16550 driver, 32 ports, IRQ sharing enabled
[    1.325133] ACPI: Battery Slot [BAT0] (battery present)
[    1.347937] 00:02: ttyS0 at I/O 0x3f8 (irq = 4, base_baud = 115200) is a 16550A
[    1.355513] Linux agpgart interface v0.103
[    1.374945] loop: module loaded
[    1.377305] scsi host0: ata_piix
[    1.378752] scsi host1: ata_piix
[    1.379921] ata1: PATA max UDMA/33 cmd 0x1f0 ctl 0x3f6 bmdma 0xd000 irq 14
[    1.382177] ata2: PATA max UDMA/33 cmd 0x170 ctl 0x376 bmdma 0xd008 irq 15
[    1.384544] libphy: Fixed MDIO Bus: probed
[    1.385991] tun: Universal TUN/TAP device driver, 1.6
[    1.387846] PPP generic driver version 2.4.2
[    1.389475] ehci_hcd: USB 2.0 'Enhanced' Host Controller (EHCI) Driver
[    1.391533] ehci-pci: EHCI PCI platform driver
[    1.393064] ehci-platform: EHCI generic platform driver
[    1.394796] ohci_hcd: USB 1.1 'Open' Host Controller (OHCI) Driver
[    1.396746] ohci-pci: OHCI PCI platform driver
[    1.398185] ohci-platform: OHCI generic platform driver
[    1.399915] uhci_hcd: USB Universal Host Controller Interface driver
[    1.402305] i8042: PNP: PS/2 Controller [PNP0303:PS2K,PNP0f03:PS2M] at 0x60,0x64 irq 1,12
[    1.405816] serio: i8042 KBD port at 0x60,0x64 irq 1
[    1.407473] serio: i8042 AUX port at 0x60,0x64 irq 12
[    1.409399] mousedev: PS/2 mouse device common for all mice
[    1.411875] input: AT Translated Set 2 keyboard as /devices/platform/i8042/serio0/input/input2
[    1.412745] rtc_cmos rtc_cmos: rtc core: registered rtc_cmos as rtc0
[    1.419338] rtc_cmos rtc_cmos: alarms up to one day, 114 bytes nvram
[    1.421489] i2c /dev entries driver
[    1.422810] device-mapper: uevent: version 1.0.3
[    1.424547] device-mapper: ioctl: 4.37.0-ioctl (2017-09-20) initialised: dm-devel@redhat.com
[    1.427352] ledtrig-cpu: registered to indicate activity on CPUs
[    1.430169] NET: Registered protocol family 10
[    1.439204] Segment Routing with IPv6
[    1.440696] NET: Registered protocol family 17
[    1.442336] Key type dns_resolver registered
[    1.444079] mce: Using 0 MCE banks
[    1.445351] RAS: Correctable Errors collector initialized.
[    1.447087] sched_clock: Marking stable (1445304929, 0)->(1881561792, -436256863)
[    1.453974] registered taskstats version 1
[    1.455981] Loading compiled-in X.509 certificates
[    1.463818] Loaded X.509 cert 'Build time autogenerated kernel key: 9d88e3c0462fa0d2df2917e8bbfdfdd1c55d8ddc'
[    1.470547] zswap: loaded using pool lzo/zbud
[    1.482966] Key type big_key registered
[    1.485791] Key type trusted registered
[    1.491960] Key type encrypted registered
[    1.493503] AppArmor: AppArmor sha1 policy hashing enabled
[    1.495361] ima: No TPM chip found, activating TPM-bypass! (rc=-19)
[    1.497546] ima: Allocated hash algorithm: sha1
[    1.499156] evm: HMAC attrs: 0x1
[    1.500953]   Magic number: 7:647:430
[    1.502443] rtc_cmos rtc_cmos: setting system clock to 2019-10-13 12:25:29 UTC (1570969529)
[    1.508983] BIOS EDD facility v0.16 2004-Jun-25, 0 devices found
[    1.511512] EDD information not available.
[    1.551226] Freeing unused kernel image memory: 2436K
[    1.560669] Write protecting the kernel read-only data: 20480k
[    1.564663] Freeing unused kernel image memory: 2008K
[    1.567653] Freeing unused kernel image memory: 1972K
[    1.582348] x86/mm: Checked W+X mappings: passed, no W+X pages found.
Loading, please wait...
starting version 237
[    1.727256] Fusion MPT base driver 3.04.20
[    1.730079] Copyright (c) 1999-2008 LSI Corporation
[    1.739648] e1000: Intel(R) PRO/1000 Network Driver - version 7.3.21-k8-NAPI
[    1.755858] e1000: Copyright (c) 1999-2006 Intel Corporation.
[    1.775123] AVX2 version of gcm_enc/dec engaged.
[    1.778226] AES CTR mode by8 optimization enabled
[    1.784570] Fusion MPT SPI Host driver 3.04.20
[    1.795521] mptbase: ioc0: Initiating bringup
[    1.893449] ioc0: LSI53C1030 A0: Capabilities={Initiator}
[    1.996210] input: ImExPS/2 Generic Explorer Mouse as /devices/platform/i8042/serio1/input/input4
[    2.156995] scsi host2: ioc0: LSI53C1030 A0, FwRev=00000000h, Ports=1, MaxQ=256, IRQ=20
[    2.395844] scsi 2:0:0:0: Direct-Access     VBOX     HARDDISK         1.0  PQ: 0 ANSI: 5
[    2.805817] scsi target2:0:0: Beginning Domain Validation
[    2.822482] scsi target2:0:0: Domain Validation skipping write tests
[    2.826397] scsi target2:0:0: Ending Domain Validation
[    2.829657] scsi target2:0:0: asynchronous
[    2.832887] scsi 2:0:1:0: Direct-Access     VBOX     HARDDISK         1.0  PQ: 0 ANSI: 5
[    3.167576] scsi target2:0:1: Beginning Domain Validation
[    3.171611] scsi target2:0:1: Domain Validation skipping write tests
[    3.173729] scsi target2:0:1: Ending Domain Validation
[    3.175524] random: fast init done
[    3.175542] scsi target2:0:1: asynchronous
[    3.190848] sd 2:0:0:0: Attached scsi generic sg0 type 0
[    3.192896] random: systemd-udevd: uninitialized urandom read (16 bytes read)
[    3.193660] sd 2:0:1:0: Attached scsi generic sg1 type 0
[    3.197722] random: systemd-udevd: uninitialized urandom read (16 bytes read)
[    3.215013] random: systemd-udevd: uninitialized urandom read (16 bytes read)
[    3.220490] sd 2:0:0:0: [sda] 20971520 512-byte logical blocks: (10.7 GB/10.0 GiB)
[    3.223898] sd 2:0:0:0: [sda] Write Protect is off
[    3.225951] sd 2:0:1:0: [sdb] 20480 512-byte logical blocks: (10.5 MB/10.0 MiB)
[    3.226481] sd 2:0:0:0: [sda] Incomplete mode parameter data
[    3.232594] e1000 0000:00:03.0 eth0: (PCI:33MHz:32-bit) 02:a1:18:c3:c8:11
[    3.251817] sd 2:0:0:0: [sda] Assuming drive cache: write through
[    3.255860] e1000 0000:00:03.0 eth0: Intel(R) PRO/1000 Network Connection
[    3.269357] sd 2:0:1:0: [sdb] Write Protect is off
[    3.286767] e1000 0000:00:03.0 enp0s3: renamed from eth0
[    3.287041] sd 2:0:1:0: [sdb] Incomplete mode parameter data
[    3.293829] sd 2:0:1:0: [sdb] Assuming drive cache: write through
[    3.297620]  sda: sda1
[    3.299726] sd 2:0:0:0: [sda] Attached SCSI disk
[    3.317057] sd 2:0:1:0: [sdb] Attached SCSI disk
Begin: Loading essential drivers ... [    5.340054] raid6: sse2x1   gen()  4360 MB/s
[    5.388043] raid6: sse2x1   xor()  3439 MB/s
[    5.436620] raid6: sse2x2   gen()  3306 MB/s
[    5.484537] raid6: sse2x2   xor()  4819 MB/s
[    5.532379] raid6: sse2x4   gen()  2023 MB/s
[    5.580357] raid6: sse2x4   xor()  2566 MB/s
[    5.628341] raid6: avx2x1   gen()  2806 MB/s
[    5.676028] raid6: avx2x1   xor()  5011 MB/s
[    5.724066] raid6: avx2x2   gen()  5801 MB/s
[    5.772041] raid6: avx2x2   xor()  5251 MB/s
[    5.820642] raid6: avx2x4   gen()  1805 MB/s
[    5.868587] raid6: avx2x4   xor()  3017 MB/s
[    5.870070] raid6: using algorithm avx2x2 gen() 5801 MB/s
[    5.871800] raid6: .... xor() 5251 MB/s, rmw enabled
[    5.873490] raid6: using avx2x2 recovery algorithm
[    5.877077] xor: automatically using best checksumming function   avx       
[    5.882419] async_tx: api initialized (async)
done.
Begin: Running /scripts/init-premount ... done.
Begin: Mounting root file system ... Begin: Running /scripts/local-top ... done.
Begin: Running /scripts/local-premount ... [    5.967953] Btrfs loaded, crc32c=crc32c-intel
Scanning for Btrfs filesystems
done.
Warning: fsck not present, so skipping root file system
[    6.446513] EXT4-fs (sda1): mounted filesystem with ordered data mode. Opts: (null)
done.
Begin: Running /scripts/local-bottom ... done.
Begin: Running /scripts/init-bottom ... done.
[    9.036266] ip_tables: (C) 2000-2006 Netfilter Core Team
[    9.077300] random: crng init done
[    9.081343] random: 7 urandom warning(s) missed due to ratelimiting
[    9.224404] systemd[1]: systemd 237 running in system mode. (+PAM +AUDIT +SELINUX +IMA +APPARMOR +SMACK +SYSVINIT +UTMP +LIBCRYPTSETUP +GCRYPT +GNUTLS +ACL +XZ +LZ4 +SECCOMP +BLKID +ELFUTILS +KMOD -IDN2 +IDN -PCRE2 default-hierarchy=hybrid)
[    9.241108] systemd[1]: Detected virtualization oracle.
[    9.244276] systemd[1]: Detected architecture x86-64.

Welcome to [1mUbuntu 18.04.2 LTS[0m!

[    9.426169] systemd[1]: Set hostname to <ubuntu-bionic>.
[   12.482448] systemd[1]: Reached target System Time Synchronized.
[[0;32m  OK  [0m] Reached target System Time Synchronized.
[   12.487936] systemd[1]: Reached target Swap.
[[0;32m  OK  [0m] Reached target Swap.
[   12.492457] systemd[1]: Set up automount Arbitrary Executable File Formats File System Automount Point.
[[0;32m  OK  [0m] Set up automount Arbitrary Executab…rmats File System Automount Point.
[   12.503572] systemd[1]: Created slice System Slice.
[[0;32m  OK  [0m] Created slice System Slice.
[   12.508724] systemd[1]: Listening on Journal Audit Socket.
[[0;32m  OK  [0m] Listening on Journal Audit Socket.
[   12.513649] systemd[1]: Listening on Device-mapper event daemon FIFOs.
[[0;32m  OK  [0m] Listening on Device-mapper event daemon FIFOs.
[[0;32m  OK  [0m] Listening on Journal Socket (/dev/log).
[[0;32m  OK  [0m] Listening on Syslog Socket.
[[0;32m  OK  [0m] Listening on LVM2 poll daemon socket.
[[0;32m  OK  [0m] Listening on Network Service Netlink Socket.
[[0;32m  OK  [0m] Listening on Journal Socket.
         Starting Set the console keyboard layout...
         Starting Remount Root and Kernel File Systems...
         Starting Create list of required st…ce nodes for the current kernel...
         Starting Journal Service...
         Mounting POSIX Message Queue File System...
         Starting Load Kernel Modules...
         Mounting Huge Pages File System...
[[0;32m  OK  [0m] Listening on /dev/initctl Compatibility Named Pipe.
[[0;32m  OK  [0m] Listening on LVM2 metadata daemon socket.
         Starting Monitoring of LVM2 mirrors…ng dmeventd or progress polling...
[[0;32m  OK  [0m] Started Forward Password Requests to Wall Directory Watch.
[[0;32m  OK  [0m] Created slice system-serial\x2dgetty.slice.
         Mounting Kernel Debug File System...
[[0;32m  OK  [0m] Listening on udev Control Socket.
[[0;32m  OK  [0m] Reached target User and Group Name Lookups.
[[0;32m  OK  [0m] Created slice User and Session Slice.
[[0;32m  OK  [0m] Reached target Slices.[   12.691204] EXT4-fs (sda1): re-mounted. Opts: (null)

[[0;32m  OK  [0m] Listening on udev Kernel Socket.
         Starting udev Coldplug all Devices...
         Starting Uncomplicated firewall...
[[0;32m  OK  [0m] Started Remount Root and Kernel File Systems.
[[0;32m  OK  [0m] Started Create list of required sta…vice nodes for the current kernel.
[[0;32m  OK  [0m] Mounted POSIX Message Queue File System.
[[0;32m  OK  [0m] Mounted Huge Pages File System.
[[0;32m  OK  [0m] Started Journal Service.
[[0;32m  OK  [0m] Mounted Kernel Debug File System.
         Starting Create Static Device Nodes in /dev...
         Starting Flush Journal to Persistent Storage...
         Starting Load/Save Random Seed...
[[0;32m  OK  [0m] Started udev Coldplug all Devices.
[[0;32m  OK  [0m] Started Uncomplicated firewall.
[   13.192967] Loading iSCSI transport class v2.0-870.
[[0;32m  OK  [0m] Started Create Static Device Nodes in /dev.
         Starting udev Kernel Device Manager...
[   13.296540] systemd-journald[395]: Received request to flush runtime journal from PID 1
[[0;32m  OK  [0m] Started Load/Save Random Seed.
[[0;32m  OK  [0m] Started LVM2 metadata daemon.
[   13.434498] iscsi: registered transport (tcp)
[   13.900476] iscsi: registered transport (iser)
[[0;32m  OK  [0m] Started Load Kernel Modules.
         Mounting Kernel Configuration File System...
         Mounting FUSE Control File System...
         Starting Apply Kernel Variables...
[[0;32m  OK  [0m] Mounted Kernel Configuration File System.
[[0;32m  OK  [0m] Mounted FUSE Control File System.
[[0;32m  OK  [0m] Started Monitoring of LVM2 mirrors,…sing dmeventd or progress polling.
[[0;32m  OK  [0m] Started udev Kernel Device Manager.
[[0;32m  OK  [0m] Started Apply Kernel Variables.
[[0;32m  OK  [0m] Found device /dev/ttyS0.
[[0;32m  OK  [0m] Listening on Load/Save RF Kill Switch Status /dev/rfkill Watch.
[[0;32m  OK  [0m] Started Flush Journal to Persistent Storage.
[[0;32m  OK  [0m] Started Set the console keyboard layout.
[[0;32m  OK  [0m] Started Dispatch Password Requests to Console Directory Watch.
[[0;32m  OK  [0m] Reached target Local Encrypted Volumes.
[[0;32m  OK  [0m] Reached target Local File Systems (Pre).
[[0;32m  OK  [0m] Reached target Local File Systems.
         Starting Create Volatile Files and Directories...
         Starting AppArmor initialization...
         Starting Tell Plymouth To Write Out Runtime Data...
         Starting ebtables ruleset management...
         Starting Set console font and keymap...
[[0;32m  OK  [0m] Started Tell Plymouth To Write Out Runtime Data.
[[0;32m  OK  [0m] Started Set console font and keymap.
[[0;32m  OK  [0m] Started Create Volatile Files and Directories.
         Starting Update UTMP about System Boot/Shutdown...
[[0;32m  OK  [0m] Started Update UTMP about System Boot/Shutdown.
[[0;32m  OK  [0m] Started ebtables ruleset management.
[[0;32m  OK  [0m] Started AppArmor initialization.
         Starting Initial cloud-init job (pre-networking)...
[   23.413135] cloud-init[703]: Cloud-init v. 19.1-1-gbaa47854-0ubuntu1~18.04.1 running 'init-local' at Sun, 13 Oct 2019 12:25:50 +0000. Up 22.65 seconds.
[[0;32m  OK  [0m] Started Initial cloud-init job (pre-networking).
[[0;32m  OK  [0m] Reached target Network (Pre).
         Starting Network Service...
[[0;32m  OK  [0m] Started Network Service.
         Starting Network Name Resolution...
         Starting Wait for Network to be Configured...
[[0;32m  OK  [0m] Started Network Name Resolution.
[[0;32m  OK  [0m] Reached target Host and Network Name Lookups.
[[0;32m  OK  [0m] Reached target Network.
[[0;32m  OK  [0m] Started Wait for Network to be Configured.
         Starting Initial cloud-init job (metadata service crawler)...
[   28.279760] cloud-init[810]: Cloud-init v. 19.1-1-gbaa47854-0ubuntu1~18.04.1 running 'init' at Sun, 13 Oct 2019 12:25:54 +0000. Up 26.34 seconds.
[   28.300400] cloud-init[810]: ci-info: ++++++++++++++++++++++++++++++++++++++Net device info++++++++++++++++++++++++++++++++++++++
[   28.307432] cloud-init[810]: ci-info: +--------+------+----------------------------+---------------+--------+-------------------+
[   28.316829] cloud-init[810]: ci-info: | Device |  Up  |          Address           |      Mask     | Scope  |     Hw-Address    |
[   28.323044] cloud-init[810]: ci-info: +--------+------+----------------------------+---------------+--------+-------------------+
[   28.329024] cloud-init[810]: ci-info: | enp0s3 | True |         10.0.2.15          | 255.255.255.0 | global | 02:a1:18:c3:c8:11 |
[   28.333501] cloud-init[810]: ci-info: | enp0s3 | True | fe80::a1:18ff:fec3:c811/64 |       .       |  link  | 02:a1:18:c3:c8:11 |
[   28.340203] cloud-init[810]: ci-info: |   lo   | True |         127.0.0.1          |   255.0.0.0   |  host  |         .         |
[   28.346434] cloud-init[810]: ci-info: |   lo   | True |          ::1/128           |       .       |  host  |         .         |
[   28.351094] cloud-init[810]: ci-info: +--------+------+----------------------------+---------------+--------+-------------------+
[   28.353737] cloud-init[810]: ci-info: ++++++++++++++++++++++++++++Route IPv4 info+++++++++++++++++++++++++++++
[   28.356084] cloud-init[810]: ci-info: +-------+-------------+----------+-----------------+-----------+-------+
[   28.359576] cloud-init[810]: ci-info: | Route | Destination | Gateway  |     Genmask     | Interface | Flags |
[   28.361914] cloud-init[810]: ci-info: +-------+-------------+----------+-----------------+-----------+-------+
[   28.364090] cloud-init[810]: ci-info: |   0   |   0.0.0.0   | 10.0.2.2 |     0.0.0.0     |   enp0s3  |   UG  |
[   28.380686] cloud-init[810]: ci-info: |   1   |   10.0.2.0  | 0.0.0.0  |  255.255.255.0  |   enp0s3  |   U   |
[   28.393310] cloud-init[810]: ci-info: |   2   |   10.0.2.2  | 0.0.0.0  | 255.255.255.255 |   enp0s3  |   UH  |
[   28.396120] cloud-init[810]: ci-info: +-------+-------------+----------+-----------------+-----------+-------+
[   28.399281] cloud-init[810]: ci-info: +++++++++++++++++++Route IPv6 info+++++++++++++++++++
[   28.403328] cloud-init[810]: ci-info: +-------+-------------+---------+-----------+-------+
[   28.409914] cloud-init[810]: ci-info: | Route | Destination | Gateway | Interface | Flags |
[   28.416611] cloud-init[810]: ci-info: +-------+-------------+---------+-----------+-------+
[   28.428741] cloud-init[810]: ci-info: |   1   |  fe80::/64  |    ::   |   enp0s3  |   U   |
[   28.441412] cloud-init[810]: ci-info: |   3   |    local    |    ::   |   enp0s3  |   U   |
[   28.446682] cloud-init[810]: ci-info: |   4   |   ff00::/8  |    ::   |   enp0s3  |   U   |
[   28.450487] cloud-init[810]: ci-info: +-------+-------------+---------+-----------+-------+
[[0;32m  OK  [0m] Started Initial cloud-init job (metadata service crawler).
[[0;32m  OK  [0m] Reached target System Initialization.
[[0;32m  OK  [0m] Listening on Open-iSCSI iscsid Socket.
         Starting Socket activation for snappy daemon.
[[0;32m  OK  [0m] Listening on UUID daemon activation socket.
[[0;32m  OK  [0m] Started Daily apt download activities.
[[0;32m  OK  [0m] Started Daily apt upgrade and clean activities.
[[0;32m  OK  [0m] Listening on ACPID Listen Socket.
[[0;32m  OK  [0m] Started Message of the Day.
[[0;32m  OK  [0m] Started Clean PHP session files every 30 mins.
         Starting LXD - unix socket.
[[0;32m  OK  [0m] Started ACPI Events Check.
[[0;32m  OK  [0m] Reached target Paths.
[[0;32m  OK  [0m] Started Daily Cleanup of Temporary Directories.
[[0;32m  OK  [0m] Listening on D-Bus System Message Bus Socket.
[[0;32m  OK  [0m] Started Discard unused blocks once a week.
[[0;32m  OK  [0m] Reached target Timers.
[[0;32m  OK  [0m] Reached target Network is Online.
[[0;32m  OK  [0m] Reached target Remote File Systems (Pre).
[[0;32m  OK  [0m] Reached target Remote File Systems.
         Starting Availability of block devices...
[[0;32m  OK  [0m] Reached target Cloud-config availability.
[[0;32m  OK  [0m] Listening on Socket activation for snappy daemon.
[[0;32m  OK  [0m] Listening on LXD - unix socket.
[[0;32m  OK  [0m] Started Availability of block devices.
[[0;32m  OK  [0m] Reached target Sockets.
[[0;32m  OK  [0m] Reached target Basic System.
         Starting LSB: automatic crash report generation...
[[0;32m  OK  [0m] Started Regular background program processing daemon.
[[0;32m  OK  [0m] Started FUSE filesystem for LXC.
         Starting Clean php session files...
         Starting System Logging Service...
[[0;32m  OK  [0m] Started Deferred execution scheduler.
         Starting OpenBSD Secure Shell server...
[[0;32m  OK  [0m] Started D-Bus System Message Bus.
         Starting LSB: Record successful boot for GRUB...
[[0;32m  OK  [0m] Started irqbalance daemon.
         Starting Snappy daemon...
         Starting MariaDB 10.3.16 database server...
         Starting Virtualbox guest utils...
         Starting Accounts Service...
         Starting Login Service...
         Starting Permit User Sessions...
         Starting LXD - container startup/shutdown...
         Starting The Apache HTTP Server...
         Starting Dispatcher daemon for systemd-networkd...
[[0;32m  OK  [0m] Started System Logging Service.
[[0;32m  OK  [0m] Started Permit User Sessions.
[[0;32m  OK  [0m] Started OpenBSD Secure Shell server.
         Starting Hold until boot process finishes up...
         Starting Terminate Plymouth Boot Screen...
[[0;32m  OK  [0m] Started Hold until boot process finishes up.
[[0;32m  OK  [0m] Started Serial Getty on ttyS0.
         Starting Set console scheme...
[[0;32m  OK  [0m] Started Terminate Plymouth Boot Screen.
[[0;32m  OK  [0m] Started Login Service.
[[0;32m  OK  [0m] Started Unattended Upgrades Shutdown.
[[0;32m  OK  [0m] Started Set console scheme.
[[0;32m  OK  [0m] Created slice system-getty.slice.
[[0;32m  OK  [0m] Started Getty on tty1.
[[0;32m  OK  [0m] Reached target Login Prompts.
[[0;32m  OK  [0m] Started LSB: automatic crash report generation.
[[0;32m  OK  [0m] Started LSB: Record successful boot for GRUB.
         Starting Authorization Manager...
[[0;32m  OK  [0m] Started Virtualbox guest utils.
[[0;32m  OK  [0m] Started Authorization Manager.
[[0;32m  OK  [0m] Started Accounts Service.
[[0;32m  OK  [0m] Created slice User Slice of vagrant.
         Starting User Manager for UID 1000...
[[0;32m  OK  [0m] Started Session 1 of user vagrant.
[[0;32m  OK  [0m] Started Dispatcher daemon for systemd-networkd.

Ubuntu 18.04.2 LTS ubuntu-bionic ttyS0

ubuntu-bionic login: [   41.858436] cloud-init[1471]: Cloud-init v. 19.1-1-gbaa47854-0ubuntu1~18.04.1 running 'modules:config' at Sun, 13 Oct 2019 12:26:07 +0000. Up 39.74 seconds.
[   52.695674] cloud-init[1827]: Cloud-init v. 19.1-1-gbaa47854-0ubuntu1~18.04.1 running 'modules:final' at Sun, 13 Oct 2019 12:26:20 +0000. Up 52.22 seconds.
[   52.695955] cloud-init[1827]: Cloud-init v. 19.1-1-gbaa47854-0ubuntu1~18.04.1 finished at Sun, 13 Oct 2019 12:26:20 +0000. Datasource DataSourceNoCloud [seed=/dev/sdb][dsmode=net].  Up 52.67 seconds
         Stopping Session 4 of user vagrant.
         Stopping Authorization Manager...
[[0;32m  OK  [0m] Stopped target Timers.
[[0;32m  OK  [0m] Stopped Message of the Day.
[[0;32m  OK  [0m] Stopped Clean PHP session files every 30 mins.
[[0;32m  OK  [0m] Stopped Daily apt upgrade and clean activities.
[[0;32m  OK  [0m] Stopped Daily apt download activities.
[[0;32m  OK  [0m] Closed Load/Save RF Kill Switch Status /dev/rfkill Watch.
[[0;32m  OK  [0m] Stopped Daily Cleanup of Temporary Directories.
[[0;32m  OK  [0m] Stopped Discard unused blocks once a week.
[[0;32m  OK  [0m] Stopped target Graphical Interface.
         Stopping Availability of block devices...
[[0;32m  OK  [0m] Stopped target Cloud-init target.
[[0;32m  OK  [0m] Stopped Execute cloud user/final scripts.
[[0;32m  OK  [0m] Stopped Apply the settings specified in cloud-config.
[[0;32m  OK  [0m] Stopped target Cloud-config availability.
[[0;32m  OK  [0m] Stopped target Multi-User System.
         Stopping Unattended Upgrades Shutdown...
[[0;32m  OK  [0m] Stopped Wait until snapd is fully seeded.
         Stopping LSB: automatic crash report generation...
         Stopping Regular background program processing daemon...
         Stopping OpenBSD Secure Shell server...
         Stopping Virtualbox guest utils...
         Stopping Deferred execution scheduler...
         Stopping LXD - container startup/shutdown...
         Stopping D-Bus System Message Bus...
         Stopping irqbalance daemon...
         Stopping Dispatcher daemon for systemd-networkd...
         Stopping User Manager for UID 1000...
         Stopping Accounts Service...
[[0;32m  OK  [0m] Stopped target System Time Synchronized.
[[0;32m  OK  [0m] Stopped target Network is Online.
         Stopping System Logging Service...
         Stopping The Apache HTTP Server...
         Stopping LSB: Record successful boot for GRUB...
         Stopping FUSE filesystem for LXC...
         Stopping MariaDB 10.3.16 database server...
[[0;32m  OK  [0m] Stopped target Login Prompts.
         Stopping Serial Getty on ttyS0...
         Stopping Getty on tty1...
[[0;32m  OK  [0m] Stopped Regular background program processing daemon.
[[0;32m  OK  [0m] Stopped Deferred execution scheduler.
[[0;32m  OK  [0m] Stopped irqbalance daemon.
[[0;32m  OK  [0m] Stopped OpenBSD Secure Shell server.
[[0;32m  OK  [0m] Stopped Authorization Manager.
[[0;32m  OK  [0m] Unmounted /var/lib/lxcfs.
[[0;32m  OK  [0m] Stopped Accounts Service.
[[0;32m  OK  [0m] Stopped Dispatcher daemon for systemd-networkd.
[[0;32m  OK  [0m] Stopped System Logging Service.
[[0;32m  OK  [0m] Stopped Getty on tty1.
[[0;32m  OK  [0m] Stopped Serial Getty on ttyS0.
[[0;32m  OK  [0m] Stopped User Manager for UID 1000.
[[0;32m  OK  [0m] Stopped D-Bus System Message Bus.
[[0;32m  OK  [0m] Stopped FUSE filesystem for LXC.
[[0;32m  OK  [0m] Stopped Session 4 of user vagrant.
[[0;32m  OK  [0m] Stopped Unattended Upgrades Shutdown.
[[0;32m  OK  [0m] Stopped LXD - container startup/shutdown.
[[0;32m  OK  [0m] Removed slice User Slice of vagrant.
         Stopping Login Service...
[[0;32m  OK  [0m] Removed slice system-serial\x2dgetty.slice.
         Stopping Permit User Sessions...
[[0;32m  OK  [0m] Removed slice system-getty.slice.
[[0;32m  OK  [0m] Stopped Permit User Sessions.
[[0;32m  OK  [0m] Stopped LSB: Record successful boot for GRUB.
[[0;32m  OK  [0m] Stopped Availability of block devices.
[[0;32m  OK  [0m] Stopped LSB: automatic crash report generation.
[[0;32m  OK  [0m] Stopped Virtualbox guest utils.
[[0;32m  OK  [0m] Stopped Login Service.
[[0;32m  OK  [0m] Stopped target User and Group Name Lookups.
[[0;32m  OK  [0m] Stopped The Apache HTTP Server.
[[0;32m  OK  [0m] Stopped target Remote File Systems.
[[0;32m  OK  [0m] Stopped target Remote File Systems (Pre).
[[0;32m  OK  [0m] Stopped target Host and Network Name Lookups.
[[0;32m  OK  [0m] Stopped MariaDB 10.3.16 database server.
[[0;32m  OK  [0m] Stopped target Basic System.
[[0;32m  OK  [0m] Stopped target Slices.
[[0;32m  OK  [0m] Removed slice User and Session Slice.
[[0;32m  OK  [0m] Stopped target Sockets.
[[0;32m  OK  [0m] Closed Socket activation for snappy daemon.
[[0;32m  OK  [0m] Closed Syslog Socket.
[[0;32m  OK  [0m] Closed LXD - unix socket.
[[0;32m  OK  [0m] Closed D-Bus System Message Bus Socket.
[[0;32m  OK  [0m] Closed UUID daemon activation socket.
[[0;32m  OK  [0m] Closed ACPID Listen Socket.
[[0;32m  OK  [0m] Closed Open-iSCSI iscsid Socket.
[[0;32m  OK  [0m] Stopped target Paths.
[[0;32m  OK  [0m] Stopped ACPI Events Check.
[[0;32m  OK  [0m] Stopped target System Initialization.
         Stopping Update UTMP about System Boot/Shutdown...
         Stopping Load/Save Random Seed...
[[0;32m  OK  [0m] Stopped target Local Encrypted Volumes.
[[0;32m  OK  [0m] Stopped Dispatch Password Requests to Console Directory Watch.
[[0;32m  OK  [0m] Stopped Forward Password Requests to Wall Directory Watch.
[[0;32m  OK  [0m] Stopped Initial cloud-init job (metadata service crawler).
[[0;32m  OK  [0m] Stopped Wait for Network to be Configured.
[[0;32m  OK  [0m] Stopped target Network.
         Stopping Network Name Resolution...
[[0;32m  OK  [0m] Stopped Load/Save Random Seed.
[[0;32m  OK  [0m] Stopped Update UTMP about System Boot/Shutdown.
[[0;32m  OK  [0m] Stopped Network Name Resolution.
[[0;32m  OK  [0m] Stopped Create Volatile Files and Directories.
[[0;32m  OK  [0m] Stopped target Local File Systems.
         Unmounting /var/www/html...
         Unmounting /vagrant...
         Unmounting /run/user/1000...
         Stopping Network Service...
[[0;32m  OK  [0m] Unmounted /var/www/html.
[[0;32m  OK  [0m] Unmounted /run/user/1000.
[[0;32m  OK  [0m] Unmounted /vagrant.
[[0;32m  OK  [0m] Stopped target Swap.
[[0;32m  OK  [0m] Reached target Unmount All Filesystems.
[[0;32m  OK  [0m] Stopped target Local File Systems (Pre).
         Stopping Monitoring of LVM2 mirrors…ng dmeventd or progress polling...
[[0;32m  OK  [0m] Stopped Create Static Device Nodes in /dev.
[[0;32m  OK  [0m] Stopped Network Service.
[[0;32m  OK  [0m] Stopped Monitoring of LVM2 mirrors,…sing dmeventd or progress polling.
         Stopping LVM2 metadata daemon...
[[0;32m  OK  [0m] Stopped target Network (Pre).
[[0;32m  OK  [0m] Stopped Initial cloud-init job (pre-networking).
[[0;32m  OK  [0m] Stopped Remount Root and Kernel File Systems.
[[0;32m  OK  [0m] Stopped Apply Kernel Variables.
[[0;32m  OK  [0m] Stopped Load Kernel Modules.
[[0;32m  OK  [0m] Reached target Shutdown.
[[0;32m  OK  [0m] Reached target Final Step.
         Starting Power-Off...
[[0;32m  OK  [0m] Stopped LVM2 metadata daemon.
[  151.531060] reboot: Power down
